2017/05/16 22:14:23 [error] [exception.CDbException] SQLSTATE[HY000] [1045] Access denied for user 'www'@'127.0.0.1' (using password: YES)
2017/05/16 22:14:23 [error] [exception.CDbException] CDbConnection failed to open the DB connection.
2017/05/16 22:14:23 [error] [exception.CDbException] SQLSTATE[HY000] [1045] Access denied for user 'www'@'127.0.0.1' (using password: YES)
2017/05/16 22:15:31 [error] [exception.CDbException] Master db server is already dead!
2017/05/16 22:18:37 [error] [exception.CDbException] Master db server is already dead!
2017/05/16 22:19:30 [error] [exception.CDbException] Master db server is already dead!
2017/05/16 22:19:30 [error] [system.db.CDbCommand] CDbCommand::fetchAll() failed: SQLSTATE[42S02]: Base table or view not found: 1146 Table 'xahoo.uc_member' doesn't exist. The SQL statement executed was: SHOW FULL COLUMNS FROM `uc_member`.
2017/05/16 22:35:51 [error] [system.db.CDbCommand] CDbCommand::fetchAll() failed: SQLSTATE[42S02]: Base table or view not found: 1146 Table 'xahoo.uc_member' doesn't exist. The SQL statement executed was: SHOW FULL COLUMNS FROM `uc_member`.
2017/05/16 22:36:57 [error] [system.db.CDbCommand] CDbCommand::execute() failed: SQLSTATE[42S02]: Base table or view not found: 1146 Table 'xahoo.fq_order_sms_sended' doesn't exist. The SQL statement executed was: INSERT INTO `fq_order_sms_sended` (`sms_id`, `sms_mobile`, `sms_message`, `smstpl`, `pre_send_time`, `is_send`, `send_time`, `send_error_times`, `order_id`, `desc`, `result`, `create_time`, `last_modified`) VALUES (:sms_id, :sms_mobile, :sms_message, :smstpl, :pre_send_time, :is_send, :send_time, :send_error_times, :order_id, :desc, :result, :create_time, :last_modified).
2017/05/16 22:43:36 [error] [system.db.CDbCommand] CDbCommand::execute() failed: SQLSTATE[22001]: String data, right truncated: 1406 Data too long for column 'signage' at row 1. The SQL statement executed was: INSERT INTO `member` (`member_account`, `member_from`, `member_level_id`, `member_name`, `member_sex`, `member_is_married`, `member_birthday`, `member_mobile`, `member_mobile_verified`, `member_id_number`, `member_identify_verified`, `member_nickname`, `member_qq`, `member_email`, `member_email_verified`, `member_avatar`, `signage`, `has_children`, `parent_id`, `status`, `create_time`, `last_modified`, `last_login`, `member_address`, `member_password`) VALUES (:yp0, :yp1, :yp2, :yp3, :yp4, :yp5, :yp6, :yp7, :yp8, :yp9, :yp10, :yp11, :yp12, :yp13, :yp14, :yp15, :yp16, :yp17, :yp18, :yp19, NOW(), NOW(), :yp20, :yp21, :yp22).
2017/05/16 22:44:40 [warning] [UserController::actionRegisterForm] new xqsj member created:15001100749 @/data/sharehd/xahoo/approot/protected/fanghumobv2/controllers/UserController.php:374
2017/05/16 22:44:40 [error] [EventModule::pushEvent]  unknown event_key:register! @/data/sharehd/xahoo/approot/protected/modules/event/EventModule.php:48
2017/05/16 22:44:40 [error] [system.db.CDbCommand] CDbCommand::fetchAll() failed: SQLSTATE[42S02]: Base table or view not found: 1146 Table 'xahoo.uc_member' doesn't exist. The SQL statement executed was: SHOW FULL COLUMNS FROM `uc_member`.
2017/05/16 22:48:15 [warning] [UserController::actionRegisterForm] new xqsj member created:15011111120 @/data/sharehd/xahoo/approot/protected/fanghumobv2/controllers/UserController.php:374
2017/05/16 22:48:15 [error] [EventModule::pushEvent]  unknown event_key:register! @/data/sharehd/xahoo/approot/protected/modules/event/EventModule.php:48
2017/05/16 22:48:15 [error] [system.db.CDbCommand] CDbCommand::fetchAll() failed: SQLSTATE[42S02]: Base table or view not found: 1146 Table 'xahoo.uc_member' doesn't exist. The SQL statement executed was: SHOW FULL COLUMNS FROM `uc_member`.
2017/05/16 22:50:21 [warning] [UserController::actionRegisterForm] new xqsj member created:15011111121 @/data/sharehd/xahoo/approot/protected/fanghumobv2/controllers/UserController.php:374
2017/05/16 22:50:21 [error] [EventModule::pushEvent]  unknown event_key:register! @/data/sharehd/xahoo/approot/protected/modules/event/EventModule.php:48
2017/05/16 22:50:21 [warning] [UserController::checkAndBindThirdPart] empty session: thirdauth @/data/sharehd/xahoo/approot/protected/fanghumobv2/controllers/UserController.php:1060
2017/05/16 22:50:22 [warning] [PointsModule] PointsModule::getMemberTotalInfo: no member_total record for mid=3, try to add
2017/05/16 22:50:22 [error] [system.db.CDbCommand] CDbCommand::fetchAll() failed: SQLSTATE[42S02]: Base table or view not found: 1146 Table 'xahoo.uc_member' doesn't exist. The SQL statement executed was: SHOW FULL COLUMNS FROM `uc_member`.
2017/05/16 22:52:37 [error] [system.db.CDbCommand] CDbCommand::execute() failed: SQLSTATE[HY000]: General error: 1364 Field 'used_count' doesn't have a default value. The SQL statement executed was: INSERT INTO `fh_member_invite_code` (`status`, `create_time`, `member_id`, `invite_code`, `last_modified`) VALUES (:yp0, NOW(), :yp1, :yp2, NOW()).
2017/05/16 22:53:39 [error] [system.db.CDbCommand] CDbCommand::execute() failed: SQLSTATE[HY000]: General error: 1364 Field 'used_count' doesn't have a default value. The SQL statement executed was: INSERT INTO `fh_member_invite_code` (`status`, `create_time`, `member_id`, `invite_code`, `last_modified`) VALUES (:yp0, NOW(), :yp1, :yp2, NOW()).
2017/05/16 23:02:33 [error] [EventModule::pushEvent]  unknown event_key:check_in! @/data/sharehd/xahoo/approot/protected/modules/event/EventModule.php:48
2017/05/16 23:03:24 [error] [system.db.CDbCommand] CDbCommand::fetchAll() failed: SQLSTATE[42S02]: Base table or view not found: 1146 Table 'xahoo.uc_member' doesn't exist. The SQL statement executed was: SHOW FULL COLUMNS FROM `uc_member`.
2017/05/16 23:07:04 [error] [system.db.CDbCommand] CDbCommand::fetchAll() failed: SQLSTATE[42S02]: Base table or view not found: 1146 Table 'xahoo.uc_member' doesn't exist. The SQL statement executed was: SHOW FULL COLUMNS FROM `uc_member`.
2017/05/16 23:09:29 [error] [system.db.CDbCommand] CDbCommand::fetchAll() failed: SQLSTATE[42S02]: Base table or view not found: 1146 Table 'xahoo.member_total' doesn't exist. The SQL statement executed was: SHOW FULL COLUMNS FROM `member_total`.
2017/05/17 00:49:24 [warning] [UserController::checkAndBindThirdPart] empty session: thirdauth @/data/sharehd/xahoo/approot/protected/fanghumobv2/controllers/UserController.php:1060
2017/05/17 00:49:36 [warning] [PointsModule] PointsModule::getMemberTotalInfo: no member_total record for mid=2, try to add
2017/05/17 00:49:52 [warning] [UserController::checkAndBindThirdPart] empty session: thirdauth @/data/sharehd/xahoo/approot/protected/fanghumobv2/controllers/UserController.php:1060
2017/05/17 00:56:41 [warning] [UserController::checkAndBindThirdPart] empty session: thirdauth @/data/sharehd/xahoo/approot/protected/fanghumobv2/controllers/UserController.php:1060
2017/05/17 00:58:40 [warning] [UserController::checkAndBindThirdPart] empty session: thirdauth @/data/sharehd/xahoo/approot/protected/fanghumobv2/controllers/UserController.php:1060
2017/05/17 01:03:19 [warning] [UserController::checkAndBindThirdPart] empty session: thirdauth @/data/sharehd/xahoo/approot/protected/fanghumobv2/controllers/UserController.php:1060
in /data/sharehd/xahoo/approot/protected/fanghumobv2/controllers/UserController.php (1060)
